<?xml version="1.0" encoding="UTF-8"?>
<!-- Generated by org.testng.reporters.JUnitReportReporter -->
<testsuite skipped="0" hostname="NEWNODE65" name="BusinessScripts.Login" tests="1" failures="0" timestamp="14 May 2018 09:45:29 GMT" time="29.754" errors="0">
  <testcase name="login" time="29.754" classname="BusinessScripts.Login"/>
</testsuite> <!-- BusinessScripts.Login -->
