<?xml version="1.0" encoding="UTF-8"?>
<!-- Generated by org.testng.reporters.JUnitReportReporter -->
<testsuite hostname="NEWNODE65" name="BusinessScripts.Login" tests="1" failures="0" timestamp="15 Jun 2018 12:36:07 GMT" time="29.938" errors="0">
  <testcase name="login" time="29.938" classname="BusinessScripts.Login"/>
</testsuite> <!-- BusinessScripts.Login -->
