<?xml version="1.0" encoding="UTF-8"?>
<!-- Generated by org.testng.reporters.JUnitReportReporter -->
<testsuite hostname="NEWNODE65" name="BusinessScripts.Epds" tests="1" failures="0" timestamp="15 Jun 2018 10:07:26 GMT" time="20.016" errors="0">
  <testcase name="eposHome" time="20.016" classname="BusinessScripts.Epds"/>
</testsuite> <!-- BusinessScripts.Epds -->
