<?xml version="1.0" encoding="UTF-8"?>
<!-- Generated by org.testng.reporters.JUnitReportReporter -->
<testsuite hostname="NEWNODE65" name="com.business.Scripts.Login" tests="1" failures="0" timestamp="9 May 2018 16:02:08 GMT" time="1.489" errors="0">
  <testcase name="login" time="1.489" classname="com.business.Scripts.Login"/>
</testsuite> <!-- com.business.Scripts.Login -->
