<?xml version="1.0" encoding="UTF-8"?>
<!-- Generated by org.testng.reporters.JUnitReportReporter -->
<testsuite hostname="NEWNODE65" name="com.business.Scripts.Vijay" tests="2" failures="0" timestamp="9 May 2018 15:53:42 GMT" time="0.008" errors="0">
  <testcase name="avijayMethod1" time="0.003" classname="com.business.Scripts.Vijay"/>
  <testcase name="bvijayMethod2" time="0.005" classname="com.business.Scripts.Vijay"/>
</testsuite> <!-- com.business.Scripts.Vijay -->
