<?xml version="1.0" encoding="UTF-8"?>
<!-- Generated by org.testng.reporters.JUnitReportReporter -->
<testsuite hostname="NEWNODE65" name="com.business.Scripts.Login" tests="2" failures="0" timestamp="4 Jul 2018 13:23:57 GMT" time="6.013" errors="0">
  <testcase name="swipeReport" time="4.759" classname="com.business.Scripts.Login"/>
  <testcase name="login" time="1.254" classname="com.business.Scripts.Login"/>
</testsuite> <!-- com.business.Scripts.Login -->
