<?xml version="1.0" encoding="UTF-8"?>
<!-- Generated by org.testng.reporters.JUnitReportReporter -->
<testsuite hostname="NEWNODE65" name="seleniumTest.TestLogin" tests="1" failures="0" timestamp="15 Mar 2018 08:00:33 GMT" time="3.183" errors="0">
  <testcase name="loginHRMS" time="3.183" classname="seleniumTest.TestLogin"/>
</testsuite> <!-- seleniumTest.TestLogin -->
