<?xml version="1.0" encoding="UTF-8"?>
<!-- Generated by org.testng.reporters.JUnitReportReporter -->
<testsuite hostname="NEWNODE65" name="com.NorthDakota_Pom.RedBusEx" tests="1" failures="0" timestamp="26 Mar 2018 09:05:49 GMT" time="21.872" errors="0">
  <testcase name="testEx" time="21.872" classname="com.NorthDakota_Pom.RedBusEx"/>
</testsuite> <!-- com.NorthDakota_Pom.RedBusEx -->
