<?xml version="1.0" encoding="UTF-8"?>
<!-- Generated by org.testng.reporters.JUnitReportReporter -->
<testsuite hostname="NEWNODE65" name="seleniumTest.TestDemo" tests="1" failures="0" timestamp="13 Mar 2018 15:01:33 GMT" time="6.680" errors="0">
  <testcase name="main" time="6.680" classname="seleniumTest.TestDemo"/>
</testsuite> <!-- seleniumTest.TestDemo -->
