<?xml version="1.0" encoding="UTF-8"?>
<!-- Generated by org.testng.reporters.JUnitReportReporter -->
<testsuite hostname="NEWNODE65" name="com.NorthDakota.HomePage" tests="1" failures="0" timestamp="22 Mar 2018 10:57:45 GMT" time="39.625" errors="0">
  <testcase name="home" time="39.625" classname="com.NorthDakota.HomePage"/>
</testsuite> <!-- com.NorthDakota.HomePage -->
