<?xml version="1.0" encoding="UTF-8"?>
<!-- Generated by org.testng.reporters.JUnitReportReporter -->
<testsuite skipped="0" hostname="NEWNODE65" name="crmPro.Login" tests="1" failures="0" timestamp="14 May 2018 13:29:13 GMT" time="0.007" errors="0">
  <testcase name="login" time="0.007" classname="crmPro.Login"/>
</testsuite> <!-- crmPro.Login -->
