<?xml version="1.0" encoding="UTF-8"?>
<!-- Generated by org.testng.reporters.JUnitReportReporter -->
<testsuite skipped="0" hostname="NEWNODE65" name="crmPro.Login" tests="2" failures="0" timestamp="07 Jun 2018 15:48:07 GMT" time="18.517" errors="0">
  <testcase name="login" time="18.270" classname="crmPro.Login"/>
  <testcase name="homePage" time="0.247" classname="crmPro.Login"/>
</testsuite> <!-- crmPro.Login -->
