<?xml version="1.0" encoding="UTF-8"?>
<!-- Generated by org.testng.reporters.JUnitReportReporter -->
<testsuite skipped="0" hostname="NEWNODE65" name="crmPro.Test2" tests="1" failures="0" timestamp="01 Jun 2018 13:26:06 GMT" time="14.605" errors="0">
  <testcase name="test2" time="14.605" classname="crmPro.Test2"/>
</testsuite> <!-- crmPro.Test2 -->
