<?xml version="1.0" encoding="UTF-8"?>
<!-- Generated by org.testng.reporters.JUnitReportReporter -->
<testsuite skipped="0" hostname="NEWNODE65" name="com.TestNG_Test.IEBrowserLaunch" tests="1" failures="0" timestamp="23 May 2018 08:49:42 GMT" time="3.554" errors="0">
  <testcase name="launchIEBrowser" time="3.554" classname="com.TestNG_Test.IEBrowserLaunch"/>
</testsuite> <!-- com.TestNG_Test.IEBrowserLaunch -->
