<?xml version="1.0" encoding="UTF-8"?>
<!-- Generated by org.testng.reporters.JUnitReportReporter -->
<testsuite hostname="NEWNODE65" name="com.TestNG_Test.TextDecoratorEx" tests="1" failures="0" timestamp="29 Jun 2018 09:54:05 GMT" time="14.104" errors="0">
  <testcase name="textDacorator" time="14.104" classname="com.TestNG_Test.TextDecoratorEx"/>
</testsuite> <!-- com.TestNG_Test.TextDecoratorEx -->
