<?xml version="1.0" encoding="UTF-8"?>
<!-- Generated by org.testng.reporters.JUnitReportReporter -->
<testsuite hostname="NEWNODE65" name="com.TestNG_Test.GettingTextValueWithoutGetText" tests="1" failures="0" timestamp="29 Jun 2018 13:56:51 GMT" time="11.515" errors="0">
  <testcase name="getText" time="11.515" classname="com.TestNG_Test.GettingTextValueWithoutGetText"/>
</testsuite> <!-- com.TestNG_Test.GettingTextValueWithoutGetText -->
