<?xml version="1.0" encoding="UTF-8"?>
<!-- Generated by org.testng.reporters.JUnitReportReporter -->
<testsuite hostname="NEWNODE65" name="com.TestNG_Test.ReadXssfExcelData" tests="2" failures="0" timestamp="24 Jul 2018 13:51:56 GMT" time="0.546" errors="0">
  <testcase name="readdata" time="0.021" classname="com.TestNG_Test.ReadXssfExcelData"/>
  <testcase name="writeDataToExcel" time="0.525" classname="com.TestNG_Test.ReadXssfExcelData"/>
</testsuite> <!-- com.TestNG_Test.ReadXssfExcelData -->
