<?xml version="1.0" encoding="UTF-8"?>
<!-- Generated by org.testng.reporters.JUnitReportReporter -->
<testsuite hostname="NEWNODE65" name="com.TestNG_Test.BajaAllianz" tests="1" failures="0" timestamp="13 Jun 2018 15:06:57 GMT" time="6.697" errors="0">
  <testcase name="getCssColorFont" time="6.697" classname="com.TestNG_Test.BajaAllianz"/>
</testsuite> <!-- com.TestNG_Test.BajaAllianz -->
