<?xml version="1.0" encoding="UTF-8"?>
<!-- Generated by org.testng.reporters.JUnitReportReporter -->
<testsuite hostname="NEWNODE65" name="com.TestNG_Test.JavascriptExecutorEx" tests="1" failures="0" timestamp="22 Jun 2018 11:56:00 GMT" time="10.562" errors="0">
  <testcase name="javascriptExe" time="10.562" classname="com.TestNG_Test.JavascriptExecutorEx"/>
</testsuite> <!-- com.TestNG_Test.JavascriptExecutorEx -->
