<?xml version="1.0" encoding="UTF-8"?>
<!-- Generated by org.testng.reporters.JUnitReportReporter -->
<testsuite skipped="0" hostname="NEWNODE65" name="com.TestNG_Test.DriverIntialtion" tests="1" failures="0" timestamp="07 Jun 2018 09:01:52 GMT" time="54.111" errors="1">
  <testcase name="ddriverInit" time="54.111" classname="com.TestNG_Test.DriverIntialtion">
    <error type="org.openqa.selenium.WebDriverException" message="Failed to connect to binary FirefoxBinary(C:\Program Files (x86)\Mozilla Firefox\firefox.exe) on port 7055; process output follows: 
INFO	Mapping {972ce4c6-7e08-4474-a285-3208198ce6fd} to C:\Program Files (x86)\Mozilla Firefox\browser\extensions\{972ce4c6-7e08-4474-a285-3208198ce6fd}
1528362066263	addons.xpi	DEBUG	Skipping unavailable install location app-system-share
1528362066263	addons.xpi	DEBUG	Skipping unavailable install location app-system-local
1528362066263	addons.xpi	INFO	Mapping dpmaxz_ng@jetpack to c:\Program Files (x86)\Hewlett-Packard\HP ProtectTools Security Manager\Bin\BrowserExt\dpchrome
1528362066263	addons.xpi	DEBUG	checkForChanges
1528362066264	addons.xpi	DEBUG	Loaded add-on state from prefs: {&quot;app-profile&quot;:{&quot;fxdriver@googlecode.com&quot;:{&quot;d&quot;:&quot;C:\\Users\\SUKUMA~1.KAC\\AppData\\Local\\Temp\\anonymous8215067177011130978webdriver-profile\\extensions\\fxdriver@googlecode.com&quot;,&quot;e&quot;:false,&quot;v&quot;:&quot;2.42.2&quot;,&quot;st&quot;:1528362059260,&quot;mt&quot;:1528362059136}},&quot;app-global&quot;:{&quot;{972ce4c6-7e08-4474-a285-3208198ce6fd}&quot;:{&quot;d&quot;:&quot;C:\\Program Files (x86)\\Mozilla Firefox\\browser\\extensions\\{972ce4c6-7e08-4474-a285-3208198ce6fd}&quot;,&quot;e&quot;:true,&quot;v&quot;:&quot;40.0.2&quot;,&quot;st&quot;:1515598736463,&quot;mt&quot;:1439428033000}},&quot;winreg-app-global&quot;:{&quot;dpmaxz_ng@jetpack&quot;:{&quot;d&quot;:&quot;c:\\Program Files (x86)\\Hewlett-Packard\\HP ProtectTools Security Manager\\Bin\\BrowserExt\\dpchrome&quot;,&quot;e&quot;:false,&quot;v&quot;:&quot;1.3.0.6316&quot;,&quot;st&quot;:1491451763819,&quot;mt&quot;:1459313860000}}}
1528362066264	addons.xpi	DEBUG	getModTime: Recursive scan of {972ce4c6-7e08-4474-a285-3208198ce6fd}
1528362066265	addons.xpi	DEBUG	getInstallState changed: false, state: {&quot;app-profile&quot;:{&quot;fxdriver@googlecode.com&quot;:{&quot;d&quot;:&quot;C:\\Users\\SUKUMA~1.KAC\\AppData\\Local\\Temp\\anonymous8215067177011130978webdriver-profile\\extensions\\fxdriver@googlecode.com&quot;,&quot;e&quot;:false,&quot;v&quot;:&quot;2.42.2&quot;,&quot;st&quot;:1528362059260,&quot;mt&quot;:1528362059136}},&quot;app-global&quot;:{&quot;{972ce4c6-7e08-4474-a285-3208198ce6fd}&quot;:{&quot;d&quot;:&quot;C:\\Program Files (x86)\\Mozilla Firefox\\browser\\extensions\\{972ce4c6-7e08-4474-a285-3208198ce6fd}&quot;,&quot;e&quot;:true,&quot;v&quot;:&quot;40.0.2&quot;,&quot;st&quot;:1515598736463,&quot;mt&quot;:1439428033000}},&quot;winreg-app-global&quot;:{&quot;dpmaxz_ng@jetpack&quot;:{&quot;d&quot;:&quot;c:\\Program Files (x86)\\Hewlett-Packard\\HP ProtectTools Security Manager\\Bin\\BrowserExt\\dpchrome&quot;,&quot;e&quot;:false,&quot;v&quot;:&quot;1.3.0.6316&quot;,&quot;st&quot;:1491451763819,&quot;mt&quot;:1459313860000}}}
1528362066266	addons.xpi	DEBUG	No changes found
1528362066270	addons.manager	DEBUG	Registering shutdown blocker for XPIProvider
1528362066270	addons.manager	DEBUG	Provider finished startup: XPIProvider
1528362066270	addons.manager	DEBUG	Starting provider: LightweightThemeManager
1528362066270	addons.manager	DEBUG	Registering shutdown blocker for LightweightThemeManager
1528362066271	addons.manager	DEBUG	Provider finished startup: LightweightThemeManager
1528362066271	addons.manager	DEBUG	Starting provider: GMPProvider
1528362066274	addons.manager	DEBUG	Registering shutdown blocker for GMPProvider
1528362066274	addons.manager	DEBUG	Provider finished startup: GMPProvider
1528362066274	addons.manager	DEBUG	Starting provider: PluginProvider
1528362066274	addons.manager	DEBUG	Registering shutdown blocker for PluginProvider
1528362066274	addons.manager	DEBUG	Provider finished startup: PluginProvider
1528362066275	addons.manager	DEBUG	Completed startup sequence
1528362066336	addons.xpi-utils	DEBUG	Starting async load of XPI database C:\Users\SUKUMA~1.KAC\AppData\Local\Temp\anonymous8215067177011130978webdriver-profile\extensions.json
*** Blocklist::_loadBlocklistFromFile: blocklist is disabled
1528362066446	addons.manager	DEBUG	Starting provider: &lt;unnamed-provider&gt;
1528362066446	addons.manager	DEBUG	Registering shutdown blocker for &lt;unnamed-provider&gt;
1528362066447	addons.manager	DEBUG	Provider finished startup: &lt;unnamed-provider&gt;
1528362066513	addons.xpi-utils	DEBUG	Async JSON file read took 0 MS
1528362066513	addons.xpi-utils	DEBUG	Finished async read of XPI database, parsing...
1528362066514	addons.xpi-utils	DEBUG	Successfully read XPI database
1528362066561	addons.manager	DEBUG	Starting provider: PreviousExperimentProvider
1528362066561	addons.manager	DEBUG	Registering shutdown blocker for PreviousExperimentProvider
1528362066561	addons.manager	DEBUG	Provider finished startup: PreviousExperimentProvider

Build info: version: &#039;2.42.2&#039;, revision: &#039;6a6995d&#039;, time: &#039;2014-06-03 17:42:03&#039;
System info: host: &#039;NEWNODE65&#039;, ip: &#039;10.0.3.221&#039;, os.name: &#039;Windows 7&#039;, os.arch: &#039;x86&#039;, os.version: &#039;6.1&#039;, java.version: &#039;1.7.0_13&#039;
Driver info: driver.version: FirefoxDriver">
      <![CDATA[org.openqa.selenium.WebDriverException: Failed to connect to binary FirefoxBinary(C:\Program Files (x86)\Mozilla Firefox\firefox.exe) on port 7055; process output follows: 
INFOMapping {972ce4c6-7e08-4474-a285-3208198ce6fd} to C:\Program Files (x86)\Mozilla Firefox\browser\extensions\{972ce4c6-7e08-4474-a285-3208198ce6fd}
1528362066263addons.xpiDEBUGSkipping unavailable install location app-system-share
1528362066263addons.xpiDEBUGSkipping unavailable install location app-system-local
1528362066263addons.xpiINFOMapping dpmaxz_ng@jetpack to c:\Program Files (x86)\Hewlett-Packard\HP ProtectTools Security Manager\Bin\BrowserExt\dpchrome
1528362066263addons.xpiDEBUGcheckForChanges
1528362066264addons.xpiDEBUGLoaded add-on state from prefs: {"app-profile":{"fxdriver@googlecode.com":{"d":"C:\\Users\\SUKUMA~1.KAC\\AppData\\Local\\Temp\\anonymous8215067177011130978webdriver-profile\\extensions\\fxdriver@googlecode.com","e":false,"v":"2.42.2","st":1528362059260,"mt":1528362059136}},"app-global":{"{972ce4c6-7e08-4474-a285-3208198ce6fd}":{"d":"C:\\Program Files (x86)\\Mozilla Firefox\\browser\\extensions\\{972ce4c6-7e08-4474-a285-3208198ce6fd}","e":true,"v":"40.0.2","st":1515598736463,"mt":1439428033000}},"winreg-app-global":{"dpmaxz_ng@jetpack":{"d":"c:\\Program Files (x86)\\Hewlett-Packard\\HP ProtectTools Security Manager\\Bin\\BrowserExt\\dpchrome","e":false,"v":"1.3.0.6316","st":1491451763819,"mt":1459313860000}}}
1528362066264addons.xpiDEBUGgetModTime: Recursive scan of {972ce4c6-7e08-4474-a285-3208198ce6fd}
1528362066265addons.xpiDEBUGgetInstallState changed: false, state: {"app-profile":{"fxdriver@googlecode.com":{"d":"C:\\Users\\SUKUMA~1.KAC\\AppData\\Local\\Temp\\anonymous8215067177011130978webdriver-profile\\extensions\\fxdriver@googlecode.com","e":false,"v":"2.42.2","st":1528362059260,"mt":1528362059136}},"app-global":{"{972ce4c6-7e08-4474-a285-3208198ce6fd}":{"d":"C:\\Program Files (x86)\\Mozilla Firefox\\browser\\extensions\\{972ce4c6-7e08-4474-a285-3208198ce6fd}","e":true,"v":"40.0.2","st":1515598736463,"mt":1439428033000}},"winreg-app-global":{"dpmaxz_ng@jetpack":{"d":"c:\\Program Files (x86)\\Hewlett-Packard\\HP ProtectTools Security Manager\\Bin\\BrowserExt\\dpchrome","e":false,"v":"1.3.0.6316","st":1491451763819,"mt":1459313860000}}}
1528362066266addons.xpiDEBUGNo changes found
1528362066270addons.managerDEBUGRegistering shutdown blocker for XPIProvider
1528362066270addons.managerDEBUGProvider finished startup: XPIProvider
1528362066270addons.managerDEBUGStarting provider: LightweightThemeManager
1528362066270addons.managerDEBUGRegistering shutdown blocker for LightweightThemeManager
1528362066271addons.managerDEBUGProvider finished startup: LightweightThemeManager
1528362066271addons.managerDEBUGStarting provider: GMPProvider
1528362066274addons.managerDEBUGRegistering shutdown blocker for GMPProvider
1528362066274addons.managerDEBUGProvider finished startup: GMPProvider
1528362066274addons.managerDEBUGStarting provider: PluginProvider
1528362066274addons.managerDEBUGRegistering shutdown blocker for PluginProvider
1528362066274addons.managerDEBUGProvider finished startup: PluginProvider
1528362066275addons.managerDEBUGCompleted startup sequence
1528362066336addons.xpi-utilsDEBUGStarting async load of XPI database C:\Users\SUKUMA~1.KAC\AppData\Local\Temp\anonymous8215067177011130978webdriver-profile\extensions.json
*** Blocklist::_loadBlocklistFromFile: blocklist is disabled
1528362066446addons.managerDEBUGStarting provider: <unnamed-provider>
1528362066446addons.managerDEBUGRegistering shutdown blocker for <unnamed-provider>
1528362066447addons.managerDEBUGProvider finished startup: <unnamed-provider>
1528362066513addons.xpi-utilsDEBUGAsync JSON file read took 0 MS
1528362066513addons.xpi-utilsDEBUGFinished async read of XPI database, parsing...
1528362066514addons.xpi-utilsDEBUGSuccessfully read XPI database
1528362066561addons.managerDEBUGStarting provider: PreviousExperimentProvider
1528362066561addons.managerDEBUGRegistering shutdown blocker for PreviousExperimentProvider
1528362066561addons.managerDEBUGProvider finished startup: PreviousExperimentProvider

Build info: version: '2.42.2', revision: '6a6995d', time: '2014-06-03 17:42:03'
System info: host: 'NEWNODE65', ip: '10.0.3.221', os.name: 'Windows 7', os.arch: 'x86', os.version: '6.1', java.version: '1.7.0_13'
Driver info: driver.version: FirefoxDriver
at org.openqa.selenium.firefox.internal.NewProfileExtensionConnection.start(NewProfileExtensionConnection.java:130)
at org.openqa.selenium.firefox.FirefoxDriver.startClient(FirefoxDriver.java:246)
at org.openqa.selenium.remote.RemoteWebDriver.<init>(RemoteWebDriver.java:114)
at org.openqa.selenium.firefox.FirefoxDriver.<init>(FirefoxDriver.java:193)
at org.openqa.selenium.firefox.FirefoxDriver.<init>(FirefoxDriver.java:186)
at org.openqa.selenium.firefox.FirefoxDriver.<init>(FirefoxDriver.java:182)
at org.openqa.selenium.firefox.FirefoxDriver.<init>(FirefoxDriver.java:95)
at com.TestNG_Test.DriverIntialtion.ddriverInit(DriverIntialtion.java:10)
at sun.reflect.NativeMethodAccessorImpl.invoke0(Native Method)
at sun.reflect.NativeMethodAccessorImpl.invoke(Unknown Source)
at sun.reflect.DelegatingMethodAccessorImpl.invoke(Unknown Source)
at java.lang.reflect.Method.invoke(Unknown Source)
at org.testng.internal.MethodInvocationHelper.invokeMethod(MethodInvocationHelper.java:124)
at org.testng.internal.Invoker.invokeMethod(Invoker.java:580)
at org.testng.internal.Invoker.invokeTestMethod(Invoker.java:716)
at org.testng.internal.Invoker.invokeTestMethods(Invoker.java:988)
at org.testng.internal.TestMethodWorker.invokeTestMethods(TestMethodWorker.java:125)
at org.testng.internal.TestMethodWorker.run(TestMethodWorker.java:109)
at org.testng.TestRunner.privateRun(TestRunner.java:648)
at org.testng.TestRunner.run(TestRunner.java:505)
at org.testng.SuiteRunner.runTest(SuiteRunner.java:455)
at org.testng.SuiteRunner.runSequentially(SuiteRunner.java:450)
at org.testng.SuiteRunner.privateRun(SuiteRunner.java:415)
at org.testng.SuiteRunner.run(SuiteRunner.java:364)
at org.testng.SuiteRunnerWorker.runSuite(SuiteRunnerWorker.java:52)
at org.testng.SuiteRunnerWorker.run(SuiteRunnerWorker.java:84)
at org.testng.TestNG.runSuitesSequentially(TestNG.java:1208)
at org.testng.TestNG.runSuitesLocally(TestNG.java:1137)
at org.testng.TestNG.runSuites(TestNG.java:1049)
at org.testng.TestNG.run(TestNG.java:1017)
at org.testng.remote.AbstractRemoteTestNG.run(AbstractRemoteTestNG.java:114)
at org.testng.remote.RemoteTestNG.initAndRun(RemoteTestNG.java:251)
at org.testng.remote.RemoteTestNG.main(RemoteTestNG.java:77)
Caused by: org.openqa.selenium.firefox.NotConnectedException: Unable to connect to host 127.0.0.1 on port 7055 after 45000 ms. Firefox console output:
INFOMapping {972ce4c6-7e08-4474-a285-3208198ce6fd} to C:\Program Files (x86)\Mozilla Firefox\browser\extensions\{972ce4c6-7e08-4474-a285-3208198ce6fd}
1528362066263addons.xpiDEBUGSkipping unavailable install location app-system-share
1528362066263addons.xpiDEBUGSkipping unavailable install location app-system-local
1528362066263addons.xpiINFOMapping dpmaxz_ng@jetpack to c:\Program Files (x86)\Hewlett-Packard\HP ProtectTools Security Manager\Bin\BrowserExt\dpchrome
1528362066263addons.xpiDEBUGcheckForChanges
1528362066264addons.xpiDEBUGLoaded add-on state from prefs: {"app-profile":{"fxdriver@googlecode.com":{"d":"C:\\Users\\SUKUMA~1.KAC\\AppData\\Local\\Temp\\anonymous8215067177011130978webdriver-profile\\extensions\\fxdriver@googlecode.com","e":false,"v":"2.42.2","st":1528362059260,"mt":1528362059136}},"app-global":{"{972ce4c6-7e08-4474-a285-3208198ce6fd}":{"d":"C:\\Program Files (x86)\\Mozilla Firefox\\browser\\extensions\\{972ce4c6-7e08-4474-a285-3208198ce6fd}","e":true,"v":"40.0.2","st":1515598736463,"mt":1439428033000}},"winreg-app-global":{"dpmaxz_ng@jetpack":{"d":"c:\\Program Files (x86)\\Hewlett-Packard\\HP ProtectTools Security Manager\\Bin\\BrowserExt\\dpchrome","e":false,"v":"1.3.0.6316","st":1491451763819,"mt":1459313860000}}}
1528362066264addons.xpiDEBUGgetModTime: Recursive scan of {972ce4c6-7e08-4474-a285-3208198ce6fd}
1528362066265addons.xpiDEBUGgetInstallState changed: false, state: {"app-profile":{"fxdriver@googlecode.com":{"d":"C:\\Users\\SUKUMA~1.KAC\\AppData\\Local\\Temp\\anonymous8215067177011130978webdriver-profile\\extensions\\fxdriver@googlecode.com","e":false,"v":"2.42.2","st":1528362059260,"mt":1528362059136}},"app-global":{"{972ce4c6-7e08-4474-a285-3208198ce6fd}":{"d":"C:\\Program Files (x86)\\Mozilla Firefox\\browser\\extensions\\{972ce4c6-7e08-4474-a285-3208198ce6fd}","e":true,"v":"40.0.2","st":1515598736463,"mt":1439428033000}},"winreg-app-global":{"dpmaxz_ng@jetpack":{"d":"c:\\Program Files (x86)\\Hewlett-Packard\\HP ProtectTools Security Manager\\Bin\\BrowserExt\\dpchrome","e":false,"v":"1.3.0.6316","st":1491451763819,"mt":1459313860000}}}
1528362066266addons.xpiDEBUGNo changes found
1528362066270addons.managerDEBUGRegistering shutdown blocker for XPIProvider
1528362066270addons.managerDEBUGProvider finished startup: XPIProvider
1528362066270addons.managerDEBUGStarting provider: LightweightThemeManager
1528362066270addons.managerDEBUGRegistering shutdown blocker for LightweightThemeManager
1528362066271addons.managerDEBUGProvider finished startup: LightweightThemeManager
1528362066271addons.managerDEBUGStarting provider: GMPProvider
1528362066274addons.managerDEBUGRegistering shutdown blocker for GMPProvider
1528362066274addons.managerDEBUGProvider finished startup: GMPProvider
1528362066274addons.managerDEBUGStarting provider: PluginProvider
1528362066274addons.managerDEBUGRegistering shutdown blocker for PluginProvider
1528362066274addons.managerDEBUGProvider finished startup: PluginProvider
1528362066275addons.managerDEBUGCompleted startup sequence
1528362066336addons.xpi-utilsDEBUGStarting async load of XPI database C:\Users\SUKUMA~1.KAC\AppData\Local\Temp\anonymous8215067177011130978webdriver-profile\extensions.json
*** Blocklist::_loadBlocklistFromFile: blocklist is disabled
1528362066446addons.managerDEBUGStarting provider: <unnamed-provider>
1528362066446addons.managerDEBUGRegistering shutdown blocker for <unnamed-provider>
1528362066447addons.managerDEBUGProvider finished startup: <unnamed-provider>
1528362066513addons.xpi-utilsDEBUGAsync JSON file read took 0 MS
1528362066513addons.xpi-utilsDEBUGFinished async read of XPI database, parsing...
1528362066514addons.xpi-utilsDEBUGSuccessfully read XPI database
1528362066561addons.managerDEBUGStarting provider: PreviousExperimentProvider
1528362066561addons.managerDEBUGRegistering shutdown blocker for PreviousExperimentProvider
1528362066561addons.managerDEBUGProvider finished startup: PreviousExperimentProvider

at org.openqa.selenium.firefox.internal.NewProfileExtensionConnection.start(NewProfileExtensionConnection.java:118)
... 32 more
]]>
    </error>
  </testcase> <!-- ddriverInit -->
</testsuite> <!-- com.TestNG_Test.DriverIntialtion -->
