<?xml version="1.0" encoding="UTF-8"?>
<!-- Generated by org.testng.reporters.JUnitReportReporter -->
<testsuite hostname="NEWNODE65" name="com.TestNG_Test.Test" tests="2" failures="0" timestamp="4 Jul 2018 13:23:32 GMT" time="0.008" errors="0">
  <testcase name="assertEx" time="0.001" classname="com.TestNG_Test.Test"/>
  <testcase name="assertEx" time="0.007" classname="com.TestNG_Test.Test"/>
</testsuite> <!-- com.TestNG_Test.Test -->
