<?xml version="1.0" encoding="UTF-8"?>
<!-- Generated by org.testng.reporters.JUnitReportReporter -->
<testsuite skipped="0" hostname="NEWNODE65" name="com.Basic.Programs.Test3Sub" tests="1" failures="0" timestamp="14 May 2018 13:43:50 GMT" time="0.009" errors="0">
  <testcase name="writte" time="0.009" classname="com.Basic.Programs.Test3Sub"/>
</testsuite> <!-- com.Basic.Programs.Test3Sub -->
